{"message":"linking with `cc` failed: exit status: 1","code":null,"level":"error","spans":[],"children":[{"message":"LC_ALL=\"C\" PATH=\"/Users/owen_hayes/.rustup/toolchains/nightly-aarch64-apple-darwin/lib/rustlib/aarch64-apple-darwin/bin:/Users/owen_hayes/.bun/bin:/Users/owen_hayes/.opam/default/bin:/Users/owen_hayes/.sdkman/candidates/java/current/bin:/opt/homebrew/opt/llvm/bin:/opt/bin:/opt/homebrew/opt/bison/bin:/Users/owen_hayes/.jenv/shims:/Users/owen_hayes/.jenv/bin:~/.rustup/toolchains/stable-x86_64-apple-darwin/bin:/usr/local/opt/openjdk/bin:/Users/owen_hayes/.pyenv/shims:/Users/owen_hayes/.jenv/shims:/Users/owen_hayes/.pyenv/bin:/opt/homebrew/bin:/opt/homebrew/bin:/Library/Frameworks/Python.framework/Versions/2.7/bin:/opt/local/bin:/opt/local/sbin:/usr/local/bin:/System/Cryptexes/App/usr/bin:/usr/bin:/bin:/usr/sbin:/sbin:/Library/TeX/texbin:/usr/local/share/dotnet:/opt/X11/bin:~/.dotnet/tools:/Library/Apple/usr/bin:/Library/Frameworks/Mono.framework/Versions/Current/Commands:/Applications/Wireshark.app/Contents/MacOS:/var/run/com.apple.security.cryptexd/codex.system/bootstrap/usr/local/bin:/var/run/com.apple.security.cryptexd/codex.system/bootstrap/usr/bin:/var/run/com.apple.security.cryptexd/codex.system/bootstrap/usr/appleinternal/bin:/Users/owen_hayes/Library/Android/sdk/platform-tools:/Users/owen_hayes/.cargo/bin:/Users/owen_hayes/.local/bin:/Users/owen_hayes/.local/bin\" VSLANG=\"1033\" ZERO_AR_DATE=\"1\" \"cc\" \"-arch\" \"arm64\" \"/var/folders/b3/c5xb91n943b928t7n96fb8qc0000gn/T/rustcjn5zKR/symbols.o\" \"/Users/owen_hayes/coding/os-dev/bsos/src/kernel/target/debug/deps/kernel-b4e4923298a69447.18yvdwwaik3pow45.rcgu.o\" \"-L\" \"/Users/owen_hayes/coding/os-dev/bsos/src/kernel/target/debug/deps\" \"-L\" \"/Users/owen_hayes/.rustup/toolchains/nightly-aarch64-apple-darwin/lib/rustlib/aarch64-apple-darwin/lib\" \"/Users/owen_hayes/.rustup/toolchains/nightly-aarch64-apple-darwin/lib/rustlib/aarch64-apple-darwin/lib/librustc_std_workspace_core-a8a859a864856684.rlib\" \"/Users/owen_hayes/.rustup/toolchains/nightly-aarch64-apple-darwin/lib/rustlib/aarch64-apple-darwin/lib/libcore-908209eee60fb642.rlib\" \"/Users/owen_hayes/.rustup/toolchains/nightly-aarch64-apple-darwin/lib/rustlib/aarch64-apple-darwin/lib/libcompiler_builtins-d21b12df6733a064.rlib\" \"-L\" \"/Users/owen_hayes/.rustup/toolchains/nightly-aarch64-apple-darwin/lib/rustlib/aarch64-apple-darwin/lib\" \"-o\" \"/Users/owen_hayes/coding/os-dev/bsos/src/kernel/target/debug/deps/kernel-b4e4923298a69447\" \"-Wl,-dead_strip\" \"-nodefaultlibs\"","code":null,"level":"note","spans":[],"children":[],"rendered":null},{"message":"ld: entry point (_main) undefined. for architecture arm64\nclang: error: linker command failed with exit code 1 (use -v to see invocation)\n","code":null,"level":"note","spans":[],"children":[],"rendered":null}],"rendered":"\u001b[0m\u001b[1m\u001b[38;5;9merror\u001b[0m\u001b[0m\u001b[1m: linking with `cc` failed: exit status: 1\u001b[0m\n\u001b[0m  \u001b[0m\u001b[0m\u001b[1m\u001b[38;5;12m|\u001b[0m\n\u001b[0m  \u001b[0m\u001b[0m\u001b[1m\u001b[38;5;12m= \u001b[0m\u001b[0m\u001b[1mnote\u001b[0m\u001b[0m: LC_ALL=\"C\" PATH=\"/Users/owen_hayes/.rustup/toolchains/nightly-aarch64-apple-darwin/lib/rustlib/aarch64-apple-darwin/bin:/Users/owen_hayes/.bun/bin:/Users/owen_hayes/.opam/default/bin:/Users/owen_hayes/.sdkman/candidates/java/current/bin:/opt/homebrew/opt/llvm/bin:/opt/bin:/opt/homebrew/opt/bison/bin:/Users/owen_hayes/.jenv/shims:/Users/owen_hayes/.jenv/bin:~/.rustup/toolchains/stable-x86_64-apple-darwin/bin:/usr/local/opt/openjdk/bin:/Users/owen_hayes/.pyenv/shims:/Users/owen_hayes/.jenv/shims:/Users/owen_hayes/.pyenv/bin:/opt/homebrew/bin:/opt/homebrew/bin:/Library/Frameworks/Python.framework/Versions/2.7/bin:/opt/local/bin:/opt/local/sbin:/usr/local/bin:/System/Cryptexes/App/usr/bin:/usr/bin:/bin:/usr/sbin:/sbin:/Library/TeX/texbin:/usr/local/share/dotnet:/opt/X11/bin:~/.dotnet/tools:/Library/Apple/usr/bin:/Library/Frameworks/Mono.framework/Versions/Current/Commands:/Applications/Wireshark.app/Contents/MacOS:/var/run/com.apple.security.cryptexd/codex.system/bootstrap/usr/local/bin:/var/run/com.apple.security.cryptexd/codex.system/bootstrap/usr/bin:/var/run/com.apple.security.cryptexd/codex.system/bootstrap/usr/appleinternal/bin:/Users/owen_hayes/Library/Android/sdk/platform-tools:/Users/owen_hayes/.cargo/bin:/Users/owen_hayes/.local/bin:/Users/owen_hayes/.local/bin\" VSLANG=\"1033\" ZERO_AR_DATE=\"1\" \"cc\" \"-arch\" \"arm64\" \"/var/folders/b3/c5xb91n943b928t7n96fb8qc0000gn/T/rustcjn5zKR/symbols.o\" \"/Users/owen_hayes/coding/os-dev/bsos/src/kernel/target/debug/deps/kernel-b4e4923298a69447.18yvdwwaik3pow45.rcgu.o\" \"-L\" \"/Users/owen_hayes/coding/os-dev/bsos/src/kernel/target/debug/deps\" \"-L\" \"/Users/owen_hayes/.rustup/toolchains/nightly-aarch64-apple-darwin/lib/rustlib/aarch64-apple-darwin/lib\" \"/Users/owen_hayes/.rustup/toolchains/nightly-aarch64-apple-darwin/lib/rustlib/aarch64-apple-darwin/lib/librustc_std_workspace_core-a8a859a864856684.rlib\" \"/Users/owen_hayes/.rustup/toolchains/nightly-aarch64-apple-darwin/lib/rustlib/aarch64-apple-darwin/lib/libcore-908209eee60fb642.rlib\" \"/Users/owen_hayes/.rustup/toolchains/nightly-aarch64-apple-darwin/lib/rustlib/aarch64-apple-darwin/lib/libcompiler_builtins-d21b12df6733a064.rlib\" \"-L\" \"/Users/owen_hayes/.rustup/toolchains/nightly-aarch64-apple-darwin/lib/rustlib/aarch64-apple-darwin/lib\" \"-o\" \"/Users/owen_hayes/coding/os-dev/bsos/src/kernel/target/debug/deps/kernel-b4e4923298a69447\" \"-Wl,-dead_strip\" \"-nodefaultlibs\"\u001b[0m\n\u001b[0m  \u001b[0m\u001b[0m\u001b[1m\u001b[38;5;12m= \u001b[0m\u001b[0m\u001b[1mnote\u001b[0m\u001b[0m: ld: entry point (_main) undefined. for architecture arm64\u001b[0m\n\u001b[0m          clang: error: linker command failed with exit code 1 (use -v to see invocation)\u001b[0m\n\u001b[0m          \u001b[0m\n\n"}
{"message":"aborting due to previous error","code":null,"level":"error","spans":[],"children":[],"rendered":"\u001b[0m\u001b[1m\u001b[38;5;9merror\u001b[0m\u001b[0m\u001b[1m: aborting due to previous error\u001b[0m\n\n"}
